{"/Users/indra/Documents/github-systems/app-console-test/src/domain/use-cases/create-table.use-case.ts": {"path":"/Users/indra/Documents/github-systems/app-console-test/src/domain/use-cases/create-table.use-case.ts","all":false,"statementMap":{"0":{"start":{"line":1,"column":0},"end":{"line":1,"column":36}},"1":{"start":{"line":2,"column":0},"end":{"line":2,"column":55}},"2":{"start":{"line":3,"column":0},"end":{"line":3,"column":1}},"3":{"start":{"line":4,"column":0},"end":{"line":4,"column":0}},"4":{"start":{"line":5,"column":0},"end":{"line":5,"column":37}},"5":{"start":{"line":6,"column":0},"end":{"line":6,"column":17}},"6":{"start":{"line":7,"column":0},"end":{"line":7,"column":19}},"7":{"start":{"line":8,"column":0},"end":{"line":8,"column":1}},"8":{"start":{"line":9,"column":0},"end":{"line":9,"column":0}},"9":{"start":{"line":10,"column":0},"end":{"line":10,"column":56}},"10":{"start":{"line":11,"column":0},"end":{"line":11,"column":16}},"11":{"start":{"line":12,"column":0},"end":{"line":12,"column":11}},"12":{"start":{"line":13,"column":0},"end":{"line":13,"column":34}},"13":{"start":{"line":14,"column":0},"end":{"line":14,"column":11}},"14":{"start":{"line":15,"column":0},"end":{"line":15,"column":7}},"15":{"start":{"line":16,"column":0},"end":{"line":16,"column":0}},"16":{"start":{"line":17,"column":0},"end":{"line":17,"column":54}},"17":{"start":{"line":18,"column":0},"end":{"line":18,"column":30}},"18":{"start":{"line":19,"column":0},"end":{"line":19,"column":42}},"19":{"start":{"line":20,"column":0},"end":{"line":20,"column":63}},"20":{"start":{"line":21,"column":0},"end":{"line":21,"column":51}},"21":{"start":{"line":22,"column":0},"end":{"line":22,"column":9}},"22":{"start":{"line":23,"column":0},"end":{"line":23,"column":0}},"23":{"start":{"line":24,"column":0},"end":{"line":24,"column":0}},"24":{"start":{"line":25,"column":0},"end":{"line":25,"column":29}},"25":{"start":{"line":26,"column":0},"end":{"line":26,"column":5}},"26":{"start":{"line":27,"column":0},"end":{"line":27,"column":1}}},"s":{"0":1,"1":1,"2":1,"3":1,"4":1,"5":1,"6":1,"7":1,"8":1,"9":1,"10":1,"11":2,"12":2,"13":2,"14":2,"15":1,"16":1,"17":2,"18":2,"19":32,"20":32,"21":32,"22":2,"23":2,"24":2,"25":2,"26":1},"branchMap":{"0":{"type":"branch","line":11,"loc":{"start":{"line":11,"column":4},"end":{"line":15,"column":7}},"locations":[{"start":{"line":11,"column":4},"end":{"line":15,"column":7}}]},"1":{"type":"branch","line":17,"loc":{"start":{"line":17,"column":4},"end":{"line":26,"column":5}},"locations":[{"start":{"line":17,"column":4},"end":{"line":26,"column":5}}]},"2":{"type":"branch","line":19,"loc":{"start":{"line":19,"column":41},"end":{"line":22,"column":9}},"locations":[{"start":{"line":19,"column":41},"end":{"line":22,"column":9}}]},"3":{"type":"branch","line":21,"loc":{"start":{"line":21,"column":28},"end":{"line":21,"column":51}},"locations":[{"start":{"line":21,"column":28},"end":{"line":21,"column":51}}]}},"b":{"0":[2],"1":[2],"2":[32],"3":[30]},"fnMap":{"0":{"name":"CreateTable","decl":{"start":{"line":11,"column":4},"end":{"line":15,"column":7}},"loc":{"start":{"line":11,"column":4},"end":{"line":15,"column":7}},"line":11},"1":{"name":"execute","decl":{"start":{"line":17,"column":4},"end":{"line":26,"column":5}},"loc":{"start":{"line":17,"column":4},"end":{"line":26,"column":5}},"line":17}},"f":{"0":2,"1":2}}
}
